<?xml version="1.0" encoding="UTF-8"?>
<!-- Generated by org.testng.reporters.JUnitXMLReporter -->
<testsuite hostname="LAPTOP-V8SO2UPM" name="Test2" tests="4" failures="0" timestamp="28 Dec 2019 16:32:22 GMT" time="97.521" errors="0">
  <testcase name="Register" time="5.971" classname="dec28.Testng_Demo2"/>
  <testcase name="Register" time="6.167" classname="dec28.Testng_Demo2"/>
  <testcase name="signon" time="6.861" classname="dec28.Testng_Demo2"/>
  <testcase name="hotels" time="5.98" classname="dec28.Testng_Demo2"/>
</testsuite> <!-- Test2 -->
