<?xml version="1.0" encoding="UTF-8"?>
<!-- Generated by org.testng.reporters.JUnitXMLReporter -->
<testsuite hostname="LAPTOP-V8SO2UPM" name="report" tests="8" failures="0" timestamp="28 Dec 2019 16:03:44 GMT" time="137.573" errors="0">
  <testcase name="Register" time="6.323" classname="dec28.Testng_Demo1"/>
  <testcase name="Register" time="6.199" classname="dec28.Testng_Demo1"/>
  <testcase name="Register" time="6.122" classname="dec28.Testng_Demo2"/>
  <testcase name="Register" time="6.27" classname="dec28.Testng_Demo2"/>
  <testcase name="signon" time="6.257" classname="dec28.Testng_Demo1"/>
  <testcase name="signon" time="6.083" classname="dec28.Testng_Demo2"/>
  <testcase name="hotels" time="6.274" classname="dec28.Testng_Demo1"/>
  <testcase name="hotels" time="5.833" classname="dec28.Testng_Demo2"/>
</testsuite> <!-- report -->
