<?xml version="1.0" encoding="UTF-8"?>
<testng-results skipped="0" failed="0" total="1" passed="1">
  <reporter-output>
  </reporter-output>
  <suite name="Default suite" duration-ms="12265" started-at="2019-12-28T17:05:52Z" finished-at="2019-12-28T17:06:04Z">
    <groups>
    </groups>
    <test name="Default test" duration-ms="12265" started-at="2019-12-28T17:05:52Z" finished-at="2019-12-28T17:06:04Z">
      <class name="dec28.Screenshot">
        <test-method status="PASS" signature="screenshot()[pri:0, instance:dec28.Screenshot@7ac7a4e4]" name="screenshot" duration-ms="12231" started-at="2019-12-28T22:35:52Z" finished-at="2019-12-28T22:36:04Z">
          <reporter-output>
          </reporter-output>
        </test-method> <!-- screenshot -->
      </class> <!-- dec28.Screenshot -->
    </test> <!-- Default test -->
  </suite> <!-- Default suite -->
</testng-results>
